[Tue Dec 07 13:50:25.979948 2021] [ssl:warn] [pid 9024:tid 500] AH01909: www.example.com:443:0 server certificate does NOT include an ID which matches the server name
[Tue Dec 07 13:50:26.002734 2021] [ssl:warn] [pid 9024:tid 500] AH01909: www.example.com:443:0 server certificate does NOT include an ID which matches the server name
[Tue Dec 07 13:50:26.039229 2021] [mpm_winnt:notice] [pid 9024:tid 500] AH00455: Apache/2.4.51 (Win64) OpenSSL/1.1.1l PHP/8.0.13 configured -- resuming normal operations
[Tue Dec 07 13:50:26.039229 2021] [mpm_winnt:notice] [pid 9024:tid 500] AH00456: Apache Lounge VS16 Server built: Oct  7 2021 16:27:02
[Tue Dec 07 13:50:26.039229 2021] [core:notice] [pid 9024:tid 500] AH00094: Command line: 'd:\\xampp\\apache\\bin\\httpd.exe -d D:/xampp/apache'
[Tue Dec 07 13:50:26.042738 2021] [mpm_winnt:notice] [pid 9024:tid 500] AH00418: Parent: Created child process 3800
[Tue Dec 07 13:50:26.333414 2021] [ssl:warn] [pid 3800:tid 604] AH01909: www.example.com:443:0 server certificate does NOT include an ID which matches the server name
[Tue Dec 07 13:50:26.354372 2021] [ssl:warn] [pid 3800:tid 604] AH01909: www.example.com:443:0 server certificate does NOT include an ID which matches the server name
[Tue Dec 07 13:50:26.374367 2021] [mpm_winnt:notice] [pid 3800:tid 604] AH00354: Child: Starting 150 worker threads.
[Tue Dec 07 13:52:13.139917 2021] [ssl:warn] [pid 11120:tid 612] AH01909: www.example.com:443:0 server certificate does NOT include an ID which matches the server name
[Tue Dec 07 13:52:13.156997 2021] [core:warn] [pid 11120:tid 612] AH00098: pid file D:/xampp/apache/logs/httpd.pid overwritten -- Unclean shutdown of previous Apache run?
[Tue Dec 07 13:52:13.158211 2021] [ssl:warn] [pid 11120:tid 612] AH01909: www.example.com:443:0 server certificate does NOT include an ID which matches the server name
[Tue Dec 07 13:52:13.172517 2021] [mpm_winnt:notice] [pid 11120:tid 612] AH00455: Apache/2.4.51 (Win64) OpenSSL/1.1.1l PHP/8.0.13 configured -- resuming normal operations
[Tue Dec 07 13:52:13.172517 2021] [mpm_winnt:notice] [pid 11120:tid 612] AH00456: Apache Lounge VS16 Server built: Oct  7 2021 16:27:02
[Tue Dec 07 13:52:13.172517 2021] [core:notice] [pid 11120:tid 612] AH00094: Command line: 'd:\\xampp\\apache\\bin\\httpd.exe -d D:/xampp/apache'
[Tue Dec 07 13:52:13.175498 2021] [mpm_winnt:notice] [pid 11120:tid 612] AH00418: Parent: Created child process 14176
[Tue Dec 07 13:52:13.427293 2021] [ssl:warn] [pid 14176:tid 632] AH01909: www.example.com:443:0 server certificate does NOT include an ID which matches the server name
[Tue Dec 07 13:52:13.446229 2021] [ssl:warn] [pid 14176:tid 632] AH01909: www.example.com:443:0 server certificate does NOT include an ID which matches the server name
[Tue Dec 07 13:52:13.461516 2021] [mpm_winnt:notice] [pid 14176:tid 632] AH00354: Child: Starting 150 worker threads.
[Wed Dec 08 08:17:28.674384 2021] [ssl:warn] [pid 8368:tid 568] AH01909: www.example.com:443:0 server certificate does NOT include an ID which matches the server name
[Wed Dec 08 08:17:28.700375 2021] [core:warn] [pid 8368:tid 568] AH00098: pid file D:/xampp/apache/logs/httpd.pid overwritten -- Unclean shutdown of previous Apache run?
[Wed Dec 08 08:17:28.704371 2021] [ssl:warn] [pid 8368:tid 568] AH01909: www.example.com:443:0 server certificate does NOT include an ID which matches the server name
[Wed Dec 08 08:17:28.735571 2021] [mpm_winnt:notice] [pid 8368:tid 568] AH00455: Apache/2.4.51 (Win64) OpenSSL/1.1.1l PHP/8.0.13 configured -- resuming normal operations
[Wed Dec 08 08:17:28.735571 2021] [mpm_winnt:notice] [pid 8368:tid 568] AH00456: Apache Lounge VS16 Server built: Oct  7 2021 16:27:02
[Wed Dec 08 08:17:28.735571 2021] [core:notice] [pid 8368:tid 568] AH00094: Command line: 'd:\\xampp\\apache\\bin\\httpd.exe -d D:/xampp/apache'
[Wed Dec 08 08:17:28.744795 2021] [mpm_winnt:notice] [pid 8368:tid 568] AH00418: Parent: Created child process 2864
[Wed Dec 08 08:17:28.948342 2021] [ssl:warn] [pid 2864:tid 636] AH01909: www.example.com:443:0 server certificate does NOT include an ID which matches the server name
[Wed Dec 08 08:17:28.976559 2021] [ssl:warn] [pid 2864:tid 636] AH01909: www.example.com:443:0 server certificate does NOT include an ID which matches the server name
[Wed Dec 08 08:17:28.995514 2021] [mpm_winnt:notice] [pid 2864:tid 636] AH00354: Child: Starting 150 worker threads.
[Wed Dec 08 15:51:16.174093 2021] [php:error] [pid 2864:tid 612] [client ::1:54849] script 'D:/xampp/htdocs/module2/tongquanungdungwebphp/THungdunghientimecuaserver.php' not found or unable to stat, referer: http://localhost/module2/tongquanungdungwebphp/
[Wed Dec 08 16:05:48.220503 2021] [php:error] [pid 2864:tid 740] [client ::1:50531] script 'D:/xampp/htdocs/module2/tongquanungdungwebphp/THungdunghientimecuaserver.php' not found or unable to stat, referer: http://localhost/module2/tongquanungdungwebphp/
[Wed Dec 08 16:05:49.103051 2021] [php:error] [pid 2864:tid 740] [client ::1:50531] script 'D:/xampp/htdocs/module2/tongquanungdungwebphp/THungdunghientimecuaserver.php' not found or unable to stat, referer: http://localhost/module2/tongquanungdungwebphp/
[Wed Dec 08 16:05:49.285693 2021] [php:error] [pid 2864:tid 740] [client ::1:50531] script 'D:/xampp/htdocs/module2/tongquanungdungwebphp/THungdunghientimecuaserver.php' not found or unable to stat, referer: http://localhost/module2/tongquanungdungwebphp/
[Wed Dec 08 16:05:49.505824 2021] [php:error] [pid 2864:tid 740] [client ::1:50531] script 'D:/xampp/htdocs/module2/tongquanungdungwebphp/THungdunghientimecuaserver.php' not found or unable to stat, referer: http://localhost/module2/tongquanungdungwebphp/
[Wed Dec 08 16:49:57.063731 2021] [php:error] [pid 2864:tid 740] [client ::1:49676] PHP Parse error:  syntax error, unexpected token ";", expecting "]" in D:\\xampp\\htdocs\\module2\\tongquanungdungwebphp\\hienthidanhsachkhachhang.php on line 33, referer: http://localhost/module2/tongquanungdungwebphp/
[Wed Dec 08 16:51:06.096701 2021] [php:error] [pid 2864:tid 740] [client ::1:49685] PHP Parse error:  syntax error, unexpected token ";", expecting "]" in D:\\xampp\\htdocs\\module2\\tongquanungdungwebphp\\hienthidanhsachkhachhang.php on line 33, referer: http://localhost/module2/tongquanungdungwebphp/
[Wed Dec 08 16:51:37.438684 2021] [php:error] [pid 2864:tid 612] [client ::1:49686] PHP Parse error:  syntax error, unexpected token ";", expecting "]" in D:\\xampp\\htdocs\\module2\\tongquanungdungwebphp\\hienthidanhsachkhachhang.php on line 33, referer: http://localhost/module2/tongquanungdungwebphp/
[Wed Dec 08 16:51:38.094986 2021] [php:error] [pid 2864:tid 612] [client ::1:49686] PHP Parse error:  syntax error, unexpected token ";", expecting "]" in D:\\xampp\\htdocs\\module2\\tongquanungdungwebphp\\hienthidanhsachkhachhang.php on line 33, referer: http://localhost/module2/tongquanungdungwebphp/
[Wed Dec 08 16:51:38.270258 2021] [php:error] [pid 2864:tid 612] [client ::1:49686] PHP Parse error:  syntax error, unexpected token ";", expecting "]" in D:\\xampp\\htdocs\\module2\\tongquanungdungwebphp\\hienthidanhsachkhachhang.php on line 33, referer: http://localhost/module2/tongquanungdungwebphp/
[Wed Dec 08 16:51:38.426405 2021] [php:error] [pid 2864:tid 612] [client ::1:49686] PHP Parse error:  syntax error, unexpected token ";", expecting "]" in D:\\xampp\\htdocs\\module2\\tongquanungdungwebphp\\hienthidanhsachkhachhang.php on line 33, referer: http://localhost/module2/tongquanungdungwebphp/
[Wed Dec 08 16:51:38.588250 2021] [php:error] [pid 2864:tid 612] [client ::1:49686] PHP Parse error:  syntax error, unexpected token ";", expecting "]" in D:\\xampp\\htdocs\\module2\\tongquanungdungwebphp\\hienthidanhsachkhachhang.php on line 33, referer: http://localhost/module2/tongquanungdungwebphp/
[Wed Dec 08 16:51:38.731627 2021] [php:error] [pid 2864:tid 612] [client ::1:49686] PHP Parse error:  syntax error, unexpected token ";", expecting "]" in D:\\xampp\\htdocs\\module2\\tongquanungdungwebphp\\hienthidanhsachkhachhang.php on line 33, referer: http://localhost/module2/tongquanungdungwebphp/
[Wed Dec 08 16:51:57.812393 2021] [php:error] [pid 2864:tid 740] [client ::1:49690] PHP Parse error:  syntax error, unexpected token ";", expecting "]" in D:\\xampp\\htdocs\\module2\\tongquanungdungwebphp\\hienthidanhsachkhachhang.php on line 33, referer: http://localhost/module2/tongquanungdungwebphp/
[Wed Dec 08 16:51:58.360684 2021] [php:error] [pid 2864:tid 740] [client ::1:49690] PHP Parse error:  syntax error, unexpected token ";", expecting "]" in D:\\xampp\\htdocs\\module2\\tongquanungdungwebphp\\hienthidanhsachkhachhang.php on line 33, referer: http://localhost/module2/tongquanungdungwebphp/
[Wed Dec 08 16:51:58.697736 2021] [php:error] [pid 2864:tid 740] [client ::1:49690] PHP Parse error:  syntax error, unexpected token ";", expecting "]" in D:\\xampp\\htdocs\\module2\\tongquanungdungwebphp\\hienthidanhsachkhachhang.php on line 33, referer: http://localhost/module2/tongquanungdungwebphp/
[Thu Dec 09 08:23:29.068198 2021] [ssl:warn] [pid 14440:tid 676] AH01909: www.example.com:443:0 server certificate does NOT include an ID which matches the server name
[Thu Dec 09 08:23:29.091500 2021] [core:warn] [pid 14440:tid 676] AH00098: pid file D:/xampp/apache/logs/httpd.pid overwritten -- Unclean shutdown of previous Apache run?
[Thu Dec 09 08:23:29.093575 2021] [ssl:warn] [pid 14440:tid 676] AH01909: www.example.com:443:0 server certificate does NOT include an ID which matches the server name
[Thu Dec 09 08:23:29.297192 2021] [mpm_winnt:notice] [pid 14440:tid 676] AH00455: Apache/2.4.51 (Win64) OpenSSL/1.1.1l PHP/8.0.13 configured -- resuming normal operations
[Thu Dec 09 08:23:29.297192 2021] [mpm_winnt:notice] [pid 14440:tid 676] AH00456: Apache Lounge VS16 Server built: Oct  7 2021 16:27:02
[Thu Dec 09 08:23:29.297192 2021] [core:notice] [pid 14440:tid 676] AH00094: Command line: 'd:\\xampp\\apache\\bin\\httpd.exe -d D:/xampp/apache'
[Thu Dec 09 08:23:29.299194 2021] [mpm_winnt:notice] [pid 14440:tid 676] AH00418: Parent: Created child process 3640
[Thu Dec 09 08:23:29.492789 2021] [ssl:warn] [pid 3640:tid 596] AH01909: www.example.com:443:0 server certificate does NOT include an ID which matches the server name
[Thu Dec 09 08:23:29.509902 2021] [ssl:warn] [pid 3640:tid 596] AH01909: www.example.com:443:0 server certificate does NOT include an ID which matches the server name
[Thu Dec 09 08:23:29.526531 2021] [mpm_winnt:notice] [pid 3640:tid 596] AH00354: Child: Starting 150 worker threads.
[Thu Dec 09 09:19:58.415566 2021] [php:error] [pid 3640:tid 1816] [client ::1:54578] PHP Parse error:  syntax error, unexpected token "echo", expecting "," or ";" in D:\\xampp\\htdocs\\module2\\tongquanungdungwebphp\\ungdungdocsothanhchu.php on line 19
[Thu Dec 09 09:20:13.816318 2021] [php:error] [pid 3640:tid 1816] [client ::1:54584] PHP Fatal error:  Uncaught ValueError: explode(): Argument #1 ($separator) cannot be empty in D:\\xampp\\htdocs\\module2\\tongquanungdungwebphp\\ungdungdocsothanhchu.php:19\nStack trace:\n#0 D:\\xampp\\htdocs\\module2\\tongquanungdungwebphp\\ungdungdocsothanhchu.php(19): explode('', '1234')\n#1 {main}\n  thrown in D:\\xampp\\htdocs\\module2\\tongquanungdungwebphp\\ungdungdocsothanhchu.php on line 19, referer: http://localhost/module2/tongquanungdungwebphp/ungdungdocsothanhchu.php
[Thu Dec 09 09:21:42.060163 2021] [php:error] [pid 3640:tid 1820] [client ::1:54594] PHP Fatal error:  Uncaught Error: Call to undefined function strsplit() in D:\\xampp\\htdocs\\module2\\tongquanungdungwebphp\\ungdungdocsothanhchu.php:19\nStack trace:\n#0 {main}\n  thrown in D:\\xampp\\htdocs\\module2\\tongquanungdungwebphp\\ungdungdocsothanhchu.php on line 19, referer: http://localhost/module2/tongquanungdungwebphp/ungdungdocsothanhchu.php
[Thu Dec 09 10:17:58.222959 2021] [php:error] [pid 3640:tid 696] [client ::1:60029] PHP Parse error:  syntax error, unexpected token "if" in D:\\xampp\\htdocs\\module2\\tongquanungdungwebphp\\BTungdungfuturevaluecalculato.php on line 4, referer: http://localhost/module2/tongquanungdungwebphp/
[Thu Dec 09 10:56:05.737465 2021] [php:error] [pid 3640:tid 732] [client ::1:59106] script 'D:/xampp/htdocs/module2/tongquanungdungwebphp/display_discount.php' not found or unable to stat, referer: http://localhost/module2/tongquanungdungwebphp/ProductDiscountCalculator.php
[Thu Dec 09 10:57:04.489123 2021] [php:error] [pid 3640:tid 696] [client ::1:59110] script 'D:/xampp/htdocs/module2/tongquanungdungwebphp/display_discount.php' not found or unable to stat, referer: http://localhost/module2/tongquanungdungwebphp/ProductDiscountCalculator.php
[Thu Dec 09 11:00:33.877416 2021] [php:error] [pid 3640:tid 732] [client ::1:63096] script 'D:/xampp/htdocs/module2/tongquanungdungwebphp/display_discount.php' not found or unable to stat, referer: http://localhost/module2/tongquanungdungwebphp/ProductDiscountCalculator.php
[Thu Dec 09 11:29:10.807878 2021] [php:error] [pid 3640:tid 696] [client ::1:65163] script 'D:/xampp/htdocs/module2/tongquanungdungwebphp/display_discount.php' not found or unable to stat, referer: http://localhost/module2/tongquanungdungwebphp/ProductDiscountCalculator.php
[Thu Dec 09 13:00:37.808232 2021] [php:error] [pid 3640:tid 732] [client ::1:53466] PHP Fatal error:  Uncaught TypeError: Unsupported operand types: string + string in D:\\xampp\\htdocs\\module2\\tongquanungdungwebphp\\ungdungCalculator.php:17\nStack trace:\n#0 {main}\n  thrown in D:\\xampp\\htdocs\\module2\\tongquanungdungwebphp\\ungdungCalculator.php on line 17, referer: http://localhost/module2/tongquanungdungwebphp/ungdungCalculator.php
[Thu Dec 09 13:00:51.868704 2021] [php:error] [pid 3640:tid 696] [client ::1:53471] PHP Fatal error:  Uncaught TypeError: Unsupported operand types: string + string in D:\\xampp\\htdocs\\module2\\tongquanungdungwebphp\\ungdungCalculator.php:17\nStack trace:\n#0 {main}\n  thrown in D:\\xampp\\htdocs\\module2\\tongquanungdungwebphp\\ungdungCalculator.php on line 17, referer: http://localhost/module2/tongquanungdungwebphp/ungdungCalculator.php
[Thu Dec 09 13:00:55.974987 2021] [php:error] [pid 3640:tid 696] [client ::1:53471] PHP Fatal error:  Uncaught TypeError: Unsupported operand types: string + string in D:\\xampp\\htdocs\\module2\\tongquanungdungwebphp\\ungdungCalculator.php:17\nStack trace:\n#0 {main}\n  thrown in D:\\xampp\\htdocs\\module2\\tongquanungdungwebphp\\ungdungCalculator.php on line 17, referer: http://localhost/module2/tongquanungdungwebphp/ungdungCalculator.php
[Thu Dec 09 16:09:21.905184 2021] [php:error] [pid 3640:tid 696] [client ::1:59642] PHP Fatal error:  Uncaught TypeError: Unsupported operand types: string + string in D:\\xampp\\htdocs\\module2\\tongquanungdungwebphp\\ungdungCalculator.php:51\nStack trace:\n#0 {main}\n  thrown in D:\\xampp\\htdocs\\module2\\tongquanungdungwebphp\\ungdungCalculator.php on line 51, referer: http://localhost/module2/tongquanungdungwebphp/ungdungCalculator.php
[Thu Dec 09 16:29:50.957720 2021] [php:error] [pid 3640:tid 732] [client ::1:51783] PHP Fatal error:  Uncaught TypeError: Unsupported operand types: string + string in D:\\xampp\\htdocs\\module2\\tongquanungdungwebphp\\ungdungCalculator.php:54\nStack trace:\n#0 {main}\n  thrown in D:\\xampp\\htdocs\\module2\\tongquanungdungwebphp\\ungdungCalculator.php on line 54, referer: http://localhost/module2/tongquanungdungwebphp/ungdungCalculator.php
[Thu Dec 09 16:29:52.042936 2021] [php:error] [pid 3640:tid 732] [client ::1:51783] PHP Fatal error:  Uncaught TypeError: Unsupported operand types: string + string in D:\\xampp\\htdocs\\module2\\tongquanungdungwebphp\\ungdungCalculator.php:54\nStack trace:\n#0 {main}\n  thrown in D:\\xampp\\htdocs\\module2\\tongquanungdungwebphp\\ungdungCalculator.php on line 54, referer: http://localhost/module2/tongquanungdungwebphp/ungdungCalculator.php
[Thu Dec 09 16:29:53.328850 2021] [php:error] [pid 3640:tid 732] [client ::1:51783] PHP Fatal error:  Uncaught TypeError: Unsupported operand types: string + string in D:\\xampp\\htdocs\\module2\\tongquanungdungwebphp\\ungdungCalculator.php:54\nStack trace:\n#0 {main}\n  thrown in D:\\xampp\\htdocs\\module2\\tongquanungdungwebphp\\ungdungCalculator.php on line 54, referer: http://localhost/module2/tongquanungdungwebphp/ungdungCalculator.php
[Thu Dec 09 16:29:57.539851 2021] [php:error] [pid 3640:tid 732] [client ::1:51783] PHP Fatal error:  Uncaught TypeError: Unsupported operand types: string + string in D:\\xampp\\htdocs\\module2\\tongquanungdungwebphp\\ungdungCalculator.php:54\nStack trace:\n#0 {main}\n  thrown in D:\\xampp\\htdocs\\module2\\tongquanungdungwebphp\\ungdungCalculator.php on line 54, referer: http://localhost/module2/tongquanungdungwebphp/ungdungCalculator.php
[Thu Dec 09 16:50:05.321684 2021] [php:error] [pid 3640:tid 696] [client ::1:62276] PHP Parse error:  syntax error, unexpected token "if" in D:\\xampp\\htdocs\\module2\\tongquanungdungwebphp\\ungdungfuturevaluecalculato.php on line 22, referer: http://localhost/module2/tongquanungdungwebphp/
[Thu Dec 09 16:50:07.267842 2021] [php:error] [pid 3640:tid 696] [client ::1:62276] PHP Parse error:  syntax error, unexpected token "if" in D:\\xampp\\htdocs\\module2\\tongquanungdungwebphp\\ungdungfuturevaluecalculato.php on line 22, referer: http://localhost/module2/tongquanungdungwebphp/
[Thu Dec 09 16:50:07.800139 2021] [php:error] [pid 3640:tid 696] [client ::1:62276] PHP Parse error:  syntax error, unexpected token "if" in D:\\xampp\\htdocs\\module2\\tongquanungdungwebphp\\ungdungfuturevaluecalculato.php on line 22, referer: http://localhost/module2/tongquanungdungwebphp/
[Thu Dec 09 16:50:07.929162 2021] [php:error] [pid 3640:tid 696] [client ::1:62276] PHP Parse error:  syntax error, unexpected token "if" in D:\\xampp\\htdocs\\module2\\tongquanungdungwebphp\\ungdungfuturevaluecalculato.php on line 22, referer: http://localhost/module2/tongquanungdungwebphp/
[Thu Dec 09 16:50:08.054038 2021] [php:error] [pid 3640:tid 696] [client ::1:62276] PHP Parse error:  syntax error, unexpected token "if" in D:\\xampp\\htdocs\\module2\\tongquanungdungwebphp\\ungdungfuturevaluecalculato.php on line 22, referer: http://localhost/module2/tongquanungdungwebphp/
[Thu Dec 09 16:50:08.196869 2021] [php:error] [pid 3640:tid 696] [client ::1:62276] PHP Parse error:  syntax error, unexpected token "if" in D:\\xampp\\htdocs\\module2\\tongquanungdungwebphp\\ungdungfuturevaluecalculato.php on line 22, referer: http://localhost/module2/tongquanungdungwebphp/
[Thu Dec 09 16:50:08.332146 2021] [php:error] [pid 3640:tid 696] [client ::1:62276] PHP Parse error:  syntax error, unexpected token "if" in D:\\xampp\\htdocs\\module2\\tongquanungdungwebphp\\ungdungfuturevaluecalculato.php on line 22, referer: http://localhost/module2/tongquanungdungwebphp/
[Thu Dec 09 16:50:08.471291 2021] [php:error] [pid 3640:tid 696] [client ::1:62276] PHP Parse error:  syntax error, unexpected token "if" in D:\\xampp\\htdocs\\module2\\tongquanungdungwebphp\\ungdungfuturevaluecalculato.php on line 22, referer: http://localhost/module2/tongquanungdungwebphp/
[Thu Dec 09 16:50:08.606851 2021] [php:error] [pid 3640:tid 696] [client ::1:62276] PHP Parse error:  syntax error, unexpected token "if" in D:\\xampp\\htdocs\\module2\\tongquanungdungwebphp\\ungdungfuturevaluecalculato.php on line 22, referer: http://localhost/module2/tongquanungdungwebphp/
[Thu Dec 09 16:50:08.747444 2021] [php:error] [pid 3640:tid 696] [client ::1:62276] PHP Parse error:  syntax error, unexpected token "if" in D:\\xampp\\htdocs\\module2\\tongquanungdungwebphp\\ungdungfuturevaluecalculato.php on line 22, referer: http://localhost/module2/tongquanungdungwebphp/
[Thu Dec 09 16:50:08.877417 2021] [php:error] [pid 3640:tid 696] [client ::1:62276] PHP Parse error:  syntax error, unexpected token "if" in D:\\xampp\\htdocs\\module2\\tongquanungdungwebphp\\ungdungfuturevaluecalculato.php on line 22, referer: http://localhost/module2/tongquanungdungwebphp/
[Thu Dec 09 16:50:09.012071 2021] [php:error] [pid 3640:tid 696] [client ::1:62276] PHP Parse error:  syntax error, unexpected token "if" in D:\\xampp\\htdocs\\module2\\tongquanungdungwebphp\\ungdungfuturevaluecalculato.php on line 22, referer: http://localhost/module2/tongquanungdungwebphp/
[Thu Dec 09 16:50:09.161169 2021] [php:error] [pid 3640:tid 696] [client ::1:62276] PHP Parse error:  syntax error, unexpected token "if" in D:\\xampp\\htdocs\\module2\\tongquanungdungwebphp\\ungdungfuturevaluecalculato.php on line 22, referer: http://localhost/module2/tongquanungdungwebphp/
[Thu Dec 09 16:50:09.381224 2021] [php:error] [pid 3640:tid 696] [client ::1:62276] PHP Parse error:  syntax error, unexpected token "if" in D:\\xampp\\htdocs\\module2\\tongquanungdungwebphp\\ungdungfuturevaluecalculato.php on line 22, referer: http://localhost/module2/tongquanungdungwebphp/
[Thu Dec 09 16:50:42.265067 2021] [php:error] [pid 3640:tid 732] [client ::1:62277] PHP Parse error:  syntax error, unexpected token "if" in D:\\xampp\\htdocs\\module2\\tongquanungdungwebphp\\ungdungfuturevaluecalculato.php on line 22, referer: http://localhost/module2/tongquanungdungwebphp/
[Thu Dec 09 16:50:42.946096 2021] [php:error] [pid 3640:tid 732] [client ::1:62277] PHP Parse error:  syntax error, unexpected token "if" in D:\\xampp\\htdocs\\module2\\tongquanungdungwebphp\\ungdungfuturevaluecalculato.php on line 22, referer: http://localhost/module2/tongquanungdungwebphp/
[Thu Dec 09 16:50:43.076416 2021] [php:error] [pid 3640:tid 732] [client ::1:62277] PHP Parse error:  syntax error, unexpected token "if" in D:\\xampp\\htdocs\\module2\\tongquanungdungwebphp\\ungdungfuturevaluecalculato.php on line 22, referer: http://localhost/module2/tongquanungdungwebphp/
[Thu Dec 09 16:50:43.196954 2021] [php:error] [pid 3640:tid 732] [client ::1:62277] PHP Parse error:  syntax error, unexpected token "if" in D:\\xampp\\htdocs\\module2\\tongquanungdungwebphp\\ungdungfuturevaluecalculato.php on line 22, referer: http://localhost/module2/tongquanungdungwebphp/
[Thu Dec 09 16:50:43.307269 2021] [php:error] [pid 3640:tid 732] [client ::1:62277] PHP Parse error:  syntax error, unexpected token "if" in D:\\xampp\\htdocs\\module2\\tongquanungdungwebphp\\ungdungfuturevaluecalculato.php on line 22, referer: http://localhost/module2/tongquanungdungwebphp/
[Thu Dec 09 16:50:43.406106 2021] [php:error] [pid 3640:tid 732] [client ::1:62277] PHP Parse error:  syntax error, unexpected token "if" in D:\\xampp\\htdocs\\module2\\tongquanungdungwebphp\\ungdungfuturevaluecalculato.php on line 22, referer: http://localhost/module2/tongquanungdungwebphp/
[Thu Dec 09 16:50:43.626338 2021] [php:error] [pid 3640:tid 732] [client ::1:62277] PHP Parse error:  syntax error, unexpected token "if" in D:\\xampp\\htdocs\\module2\\tongquanungdungwebphp\\ungdungfuturevaluecalculato.php on line 22, referer: http://localhost/module2/tongquanungdungwebphp/
[Thu Dec 09 16:51:16.130435 2021] [php:error] [pid 3640:tid 696] [client ::1:61189] PHP Parse error:  syntax error, unexpected token "if" in D:\\xampp\\htdocs\\module2\\tongquanungdungwebphp\\ungdungfuturevaluecalculato.php on line 22, referer: http://localhost/module2/tongquanungdungwebphp/
[Thu Dec 09 16:52:03.133347 2021] [php:error] [pid 3640:tid 732] [client ::1:61213] PHP Parse error:  syntax error, unexpected variable "$description", expecting "," or ";" in D:\\xampp\\htdocs\\module2\\tongquanungdungwebphp\\ungdungfuturevaluecalculato.php on line 41, referer: http://localhost/module2/tongquanungdungwebphp/
[Thu Dec 09 16:52:04.111870 2021] [php:error] [pid 3640:tid 732] [client ::1:61213] PHP Parse error:  syntax error, unexpected variable "$description", expecting "," or ";" in D:\\xampp\\htdocs\\module2\\tongquanungdungwebphp\\ungdungfuturevaluecalculato.php on line 41, referer: http://localhost/module2/tongquanungdungwebphp/
[Thu Dec 09 16:52:46.632562 2021] [php:warn] [pid 3640:tid 696] [client ::1:61237] PHP Warning:  Undefined array key "amount" in D:\\xampp\\htdocs\\module2\\tongquanungdungwebphp\\ungdungfuturevaluecalculato.php on line 30, referer: http://localhost/module2/tongquanungdungwebphp/
[Thu Dec 09 16:52:46.632562 2021] [php:warn] [pid 3640:tid 696] [client ::1:61237] PHP Warning:  Undefined array key "rate" in D:\\xampp\\htdocs\\module2\\tongquanungdungwebphp\\ungdungfuturevaluecalculato.php on line 31, referer: http://localhost/module2/tongquanungdungwebphp/
[Thu Dec 09 16:52:46.632562 2021] [php:warn] [pid 3640:tid 696] [client ::1:61237] PHP Warning:  Undefined array key "year" in D:\\xampp\\htdocs\\module2\\tongquanungdungwebphp\\ungdungfuturevaluecalculato.php on line 32, referer: http://localhost/module2/tongquanungdungwebphp/
[Thu Dec 09 16:52:46.632562 2021] [php:warn] [pid 3640:tid 696] [client ::1:61237] PHP Warning:  Undefined array key "description" in D:\\xampp\\htdocs\\module2\\tongquanungdungwebphp\\ungdungfuturevaluecalculato.php on line 41, referer: http://localhost/module2/tongquanungdungwebphp/
[Thu Dec 09 16:52:46.632562 2021] [php:warn] [pid 3640:tid 696] [client ::1:61237] PHP Warning:  Undefined array key "price" in D:\\xampp\\htdocs\\module2\\tongquanungdungwebphp\\ungdungfuturevaluecalculato.php on line 42, referer: http://localhost/module2/tongquanungdungwebphp/
[Thu Dec 09 16:52:46.632562 2021] [php:warn] [pid 3640:tid 696] [client ::1:61237] PHP Warning:  Undefined array key "percent" in D:\\xampp\\htdocs\\module2\\tongquanungdungwebphp\\ungdungfuturevaluecalculato.php on line 43, referer: http://localhost/module2/tongquanungdungwebphp/
[Thu Dec 09 16:52:47.076169 2021] [php:warn] [pid 3640:tid 696] [client ::1:61237] PHP Warning:  Undefined array key "amount" in D:\\xampp\\htdocs\\module2\\tongquanungdungwebphp\\ungdungfuturevaluecalculato.php on line 30, referer: http://localhost/module2/tongquanungdungwebphp/
[Thu Dec 09 16:52:47.076169 2021] [php:warn] [pid 3640:tid 696] [client ::1:61237] PHP Warning:  Undefined array key "rate" in D:\\xampp\\htdocs\\module2\\tongquanungdungwebphp\\ungdungfuturevaluecalculato.php on line 31, referer: http://localhost/module2/tongquanungdungwebphp/
[Thu Dec 09 16:52:47.076169 2021] [php:warn] [pid 3640:tid 696] [client ::1:61237] PHP Warning:  Undefined array key "year" in D:\\xampp\\htdocs\\module2\\tongquanungdungwebphp\\ungdungfuturevaluecalculato.php on line 32, referer: http://localhost/module2/tongquanungdungwebphp/
[Thu Dec 09 16:52:47.076169 2021] [php:warn] [pid 3640:tid 696] [client ::1:61237] PHP Warning:  Undefined array key "description" in D:\\xampp\\htdocs\\module2\\tongquanungdungwebphp\\ungdungfuturevaluecalculato.php on line 41, referer: http://localhost/module2/tongquanungdungwebphp/
[Thu Dec 09 16:52:47.076169 2021] [php:warn] [pid 3640:tid 696] [client ::1:61237] PHP Warning:  Undefined array key "price" in D:\\xampp\\htdocs\\module2\\tongquanungdungwebphp\\ungdungfuturevaluecalculato.php on line 42, referer: http://localhost/module2/tongquanungdungwebphp/
[Thu Dec 09 16:52:47.076169 2021] [php:warn] [pid 3640:tid 696] [client ::1:61237] PHP Warning:  Undefined array key "percent" in D:\\xampp\\htdocs\\module2\\tongquanungdungwebphp\\ungdungfuturevaluecalculato.php on line 43, referer: http://localhost/module2/tongquanungdungwebphp/
[Thu Dec 09 16:53:20.983286 2021] [php:warn] [pid 3640:tid 732] [client ::1:61260] PHP Warning:  Undefined variable $amount in D:\\xampp\\htdocs\\module2\\tongquanungdungwebphp\\ungdungfuturevaluecalculato.php on line 37, referer: http://localhost/module2/tongquanungdungwebphp/
[Thu Dec 09 16:53:20.983286 2021] [php:warn] [pid 3640:tid 732] [client ::1:61260] PHP Warning:  Undefined variable $rate in D:\\xampp\\htdocs\\module2\\tongquanungdungwebphp\\ungdungfuturevaluecalculato.php on line 37, referer: http://localhost/module2/tongquanungdungwebphp/
[Thu Dec 09 16:53:20.983286 2021] [php:warn] [pid 3640:tid 732] [client ::1:61260] PHP Warning:  Undefined variable $amount in D:\\xampp\\htdocs\\module2\\tongquanungdungwebphp\\ungdungfuturevaluecalculato.php on line 37, referer: http://localhost/module2/tongquanungdungwebphp/
[Thu Dec 09 16:53:20.984303 2021] [php:warn] [pid 3640:tid 732] [client ::1:61260] PHP Warning:  Undefined array key "description" in D:\\xampp\\htdocs\\module2\\tongquanungdungwebphp\\ungdungfuturevaluecalculato.php on line 41, referer: http://localhost/module2/tongquanungdungwebphp/
[Thu Dec 09 16:53:20.984303 2021] [php:warn] [pid 3640:tid 732] [client ::1:61260] PHP Warning:  Undefined array key "price" in D:\\xampp\\htdocs\\module2\\tongquanungdungwebphp\\ungdungfuturevaluecalculato.php on line 42, referer: http://localhost/module2/tongquanungdungwebphp/
[Thu Dec 09 16:53:20.984303 2021] [php:warn] [pid 3640:tid 732] [client ::1:61260] PHP Warning:  Undefined array key "percent" in D:\\xampp\\htdocs\\module2\\tongquanungdungwebphp\\ungdungfuturevaluecalculato.php on line 43, referer: http://localhost/module2/tongquanungdungwebphp/
[Thu Dec 09 16:53:22.018823 2021] [php:warn] [pid 3640:tid 732] [client ::1:61260] PHP Warning:  Undefined variable $amount in D:\\xampp\\htdocs\\module2\\tongquanungdungwebphp\\ungdungfuturevaluecalculato.php on line 37, referer: http://localhost/module2/tongquanungdungwebphp/
[Thu Dec 09 16:53:22.018823 2021] [php:warn] [pid 3640:tid 732] [client ::1:61260] PHP Warning:  Undefined variable $rate in D:\\xampp\\htdocs\\module2\\tongquanungdungwebphp\\ungdungfuturevaluecalculato.php on line 37, referer: http://localhost/module2/tongquanungdungwebphp/
[Thu Dec 09 16:53:22.018823 2021] [php:warn] [pid 3640:tid 732] [client ::1:61260] PHP Warning:  Undefined variable $amount in D:\\xampp\\htdocs\\module2\\tongquanungdungwebphp\\ungdungfuturevaluecalculato.php on line 37, referer: http://localhost/module2/tongquanungdungwebphp/
[Thu Dec 09 16:53:22.018823 2021] [php:warn] [pid 3640:tid 732] [client ::1:61260] PHP Warning:  Undefined array key "description" in D:\\xampp\\htdocs\\module2\\tongquanungdungwebphp\\ungdungfuturevaluecalculato.php on line 41, referer: http://localhost/module2/tongquanungdungwebphp/
[Thu Dec 09 16:53:22.018823 2021] [php:warn] [pid 3640:tid 732] [client ::1:61260] PHP Warning:  Undefined array key "price" in D:\\xampp\\htdocs\\module2\\tongquanungdungwebphp\\ungdungfuturevaluecalculato.php on line 42, referer: http://localhost/module2/tongquanungdungwebphp/
[Thu Dec 09 16:53:22.018823 2021] [php:warn] [pid 3640:tid 732] [client ::1:61260] PHP Warning:  Undefined array key "percent" in D:\\xampp\\htdocs\\module2\\tongquanungdungwebphp\\ungdungfuturevaluecalculato.php on line 43, referer: http://localhost/module2/tongquanungdungwebphp/
[Thu Dec 09 16:54:11.196145 2021] [php:warn] [pid 3640:tid 696] [client ::1:61279] PHP Warning:  Undefined variable $amount in D:\\xampp\\htdocs\\module2\\tongquanungdungwebphp\\ungdungfuturevaluecalculato.php on line 38, referer: http://localhost/module2/tongquanungdungwebphp/
[Thu Dec 09 16:54:11.196145 2021] [php:warn] [pid 3640:tid 696] [client ::1:61279] PHP Warning:  Undefined variable $rate in D:\\xampp\\htdocs\\module2\\tongquanungdungwebphp\\ungdungfuturevaluecalculato.php on line 38, referer: http://localhost/module2/tongquanungdungwebphp/
[Thu Dec 09 16:54:11.196145 2021] [php:warn] [pid 3640:tid 696] [client ::1:61279] PHP Warning:  Undefined variable $amount in D:\\xampp\\htdocs\\module2\\tongquanungdungwebphp\\ungdungfuturevaluecalculato.php on line 38, referer: http://localhost/module2/tongquanungdungwebphp/
[Thu Dec 09 16:54:11.196145 2021] [php:warn] [pid 3640:tid 696] [client ::1:61279] PHP Warning:  Undefined array key "description" in D:\\xampp\\htdocs\\module2\\tongquanungdungwebphp\\ungdungfuturevaluecalculato.php on line 42, referer: http://localhost/module2/tongquanungdungwebphp/
[Thu Dec 09 16:54:11.197159 2021] [php:warn] [pid 3640:tid 696] [client ::1:61279] PHP Warning:  Undefined array key "price" in D:\\xampp\\htdocs\\module2\\tongquanungdungwebphp\\ungdungfuturevaluecalculato.php on line 43, referer: http://localhost/module2/tongquanungdungwebphp/
[Thu Dec 09 16:54:11.197159 2021] [php:warn] [pid 3640:tid 696] [client ::1:61279] PHP Warning:  Undefined array key "percent" in D:\\xampp\\htdocs\\module2\\tongquanungdungwebphp\\ungdungfuturevaluecalculato.php on line 44, referer: http://localhost/module2/tongquanungdungwebphp/
[Thu Dec 09 17:16:44.222499 2021] [php:warn] [pid 3640:tid 696] [client ::1:56670] PHP Warning:  Undefined array key "amount" in D:\\xampp\\htdocs\\module2\\tongquanungdungwebphp\\ungdungfuturevaluecalculato.php on line 19, referer: http://localhost/module2/tongquanungdungwebphp/ungdungfuturevaluecalculato.php
[Thu Dec 09 17:16:44.222499 2021] [php:warn] [pid 3640:tid 696] [client ::1:56670] PHP Warning:  Undefined array key "rate" in D:\\xampp\\htdocs\\module2\\tongquanungdungwebphp\\ungdungfuturevaluecalculato.php on line 20, referer: http://localhost/module2/tongquanungdungwebphp/ungdungfuturevaluecalculato.php
[Thu Dec 09 17:16:44.222499 2021] [php:warn] [pid 3640:tid 696] [client ::1:56670] PHP Warning:  Undefined array key "year" in D:\\xampp\\htdocs\\module2\\tongquanungdungwebphp\\ungdungfuturevaluecalculato.php on line 21, referer: http://localhost/module2/tongquanungdungwebphp/ungdungfuturevaluecalculato.php
[Thu Dec 09 17:16:45.145490 2021] [php:warn] [pid 3640:tid 696] [client ::1:56670] PHP Warning:  Undefined array key "amount" in D:\\xampp\\htdocs\\module2\\tongquanungdungwebphp\\ungdungfuturevaluecalculato.php on line 19, referer: http://localhost/module2/tongquanungdungwebphp/ungdungfuturevaluecalculato.php
[Thu Dec 09 17:16:45.145490 2021] [php:warn] [pid 3640:tid 696] [client ::1:56670] PHP Warning:  Undefined array key "rate" in D:\\xampp\\htdocs\\module2\\tongquanungdungwebphp\\ungdungfuturevaluecalculato.php on line 20, referer: http://localhost/module2/tongquanungdungwebphp/ungdungfuturevaluecalculato.php
[Thu Dec 09 17:16:45.145490 2021] [php:warn] [pid 3640:tid 696] [client ::1:56670] PHP Warning:  Undefined array key "year" in D:\\xampp\\htdocs\\module2\\tongquanungdungwebphp\\ungdungfuturevaluecalculato.php on line 21, referer: http://localhost/module2/tongquanungdungwebphp/ungdungfuturevaluecalculato.php
[Thu Dec 09 17:16:45.260356 2021] [php:warn] [pid 3640:tid 696] [client ::1:56670] PHP Warning:  Undefined array key "amount" in D:\\xampp\\htdocs\\module2\\tongquanungdungwebphp\\ungdungfuturevaluecalculato.php on line 19, referer: http://localhost/module2/tongquanungdungwebphp/ungdungfuturevaluecalculato.php
[Thu Dec 09 17:16:45.260356 2021] [php:warn] [pid 3640:tid 696] [client ::1:56670] PHP Warning:  Undefined array key "rate" in D:\\xampp\\htdocs\\module2\\tongquanungdungwebphp\\ungdungfuturevaluecalculato.php on line 20, referer: http://localhost/module2/tongquanungdungwebphp/ungdungfuturevaluecalculato.php
[Thu Dec 09 17:16:45.260853 2021] [php:warn] [pid 3640:tid 696] [client ::1:56670] PHP Warning:  Undefined array key "year" in D:\\xampp\\htdocs\\module2\\tongquanungdungwebphp\\ungdungfuturevaluecalculato.php on line 21, referer: http://localhost/module2/tongquanungdungwebphp/ungdungfuturevaluecalculato.php
[Thu Dec 09 17:16:45.381564 2021] [php:warn] [pid 3640:tid 696] [client ::1:56670] PHP Warning:  Undefined array key "amount" in D:\\xampp\\htdocs\\module2\\tongquanungdungwebphp\\ungdungfuturevaluecalculato.php on line 19, referer: http://localhost/module2/tongquanungdungwebphp/ungdungfuturevaluecalculato.php
[Thu Dec 09 17:16:45.381564 2021] [php:warn] [pid 3640:tid 696] [client ::1:56670] PHP Warning:  Undefined array key "rate" in D:\\xampp\\htdocs\\module2\\tongquanungdungwebphp\\ungdungfuturevaluecalculato.php on line 20, referer: http://localhost/module2/tongquanungdungwebphp/ungdungfuturevaluecalculato.php
[Thu Dec 09 17:16:45.381564 2021] [php:warn] [pid 3640:tid 696] [client ::1:56670] PHP Warning:  Undefined array key "year" in D:\\xampp\\htdocs\\module2\\tongquanungdungwebphp\\ungdungfuturevaluecalculato.php on line 21, referer: http://localhost/module2/tongquanungdungwebphp/ungdungfuturevaluecalculato.php
[Thu Dec 09 17:16:45.503657 2021] [php:warn] [pid 3640:tid 696] [client ::1:56670] PHP Warning:  Undefined array key "amount" in D:\\xampp\\htdocs\\module2\\tongquanungdungwebphp\\ungdungfuturevaluecalculato.php on line 19, referer: http://localhost/module2/tongquanungdungwebphp/ungdungfuturevaluecalculato.php
[Thu Dec 09 17:16:45.503657 2021] [php:warn] [pid 3640:tid 696] [client ::1:56670] PHP Warning:  Undefined array key "rate" in D:\\xampp\\htdocs\\module2\\tongquanungdungwebphp\\ungdungfuturevaluecalculato.php on line 20, referer: http://localhost/module2/tongquanungdungwebphp/ungdungfuturevaluecalculato.php
[Thu Dec 09 17:16:45.503657 2021] [php:warn] [pid 3640:tid 696] [client ::1:56670] PHP Warning:  Undefined array key "year" in D:\\xampp\\htdocs\\module2\\tongquanungdungwebphp\\ungdungfuturevaluecalculato.php on line 21, referer: http://localhost/module2/tongquanungdungwebphp/ungdungfuturevaluecalculato.php
[Thu Dec 09 17:16:45.621475 2021] [php:warn] [pid 3640:tid 696] [client ::1:56670] PHP Warning:  Undefined array key "amount" in D:\\xampp\\htdocs\\module2\\tongquanungdungwebphp\\ungdungfuturevaluecalculato.php on line 19, referer: http://localhost/module2/tongquanungdungwebphp/ungdungfuturevaluecalculato.php
[Thu Dec 09 17:16:45.621475 2021] [php:warn] [pid 3640:tid 696] [client ::1:56670] PHP Warning:  Undefined array key "rate" in D:\\xampp\\htdocs\\module2\\tongquanungdungwebphp\\ungdungfuturevaluecalculato.php on line 20, referer: http://localhost/module2/tongquanungdungwebphp/ungdungfuturevaluecalculato.php
[Thu Dec 09 17:16:45.621475 2021] [php:warn] [pid 3640:tid 696] [client ::1:56670] PHP Warning:  Undefined array key "year" in D:\\xampp\\htdocs\\module2\\tongquanungdungwebphp\\ungdungfuturevaluecalculato.php on line 21, referer: http://localhost/module2/tongquanungdungwebphp/ungdungfuturevaluecalculato.php
[Thu Dec 09 17:16:45.742605 2021] [php:warn] [pid 3640:tid 696] [client ::1:56670] PHP Warning:  Undefined array key "amount" in D:\\xampp\\htdocs\\module2\\tongquanungdungwebphp\\ungdungfuturevaluecalculato.php on line 19, referer: http://localhost/module2/tongquanungdungwebphp/ungdungfuturevaluecalculato.php
[Thu Dec 09 17:16:45.742605 2021] [php:warn] [pid 3640:tid 696] [client ::1:56670] PHP Warning:  Undefined array key "rate" in D:\\xampp\\htdocs\\module2\\tongquanungdungwebphp\\ungdungfuturevaluecalculato.php on line 20, referer: http://localhost/module2/tongquanungdungwebphp/ungdungfuturevaluecalculato.php
[Thu Dec 09 17:16:45.742605 2021] [php:warn] [pid 3640:tid 696] [client ::1:56670] PHP Warning:  Undefined array key "year" in D:\\xampp\\htdocs\\module2\\tongquanungdungwebphp\\ungdungfuturevaluecalculato.php on line 21, referer: http://localhost/module2/tongquanungdungwebphp/ungdungfuturevaluecalculato.php
[Thu Dec 09 17:16:45.867754 2021] [php:warn] [pid 3640:tid 696] [client ::1:56670] PHP Warning:  Undefined array key "amount" in D:\\xampp\\htdocs\\module2\\tongquanungdungwebphp\\ungdungfuturevaluecalculato.php on line 19, referer: http://localhost/module2/tongquanungdungwebphp/ungdungfuturevaluecalculato.php
[Thu Dec 09 17:16:45.868618 2021] [php:warn] [pid 3640:tid 696] [client ::1:56670] PHP Warning:  Undefined array key "rate" in D:\\xampp\\htdocs\\module2\\tongquanungdungwebphp\\ungdungfuturevaluecalculato.php on line 20, referer: http://localhost/module2/tongquanungdungwebphp/ungdungfuturevaluecalculato.php
[Thu Dec 09 17:16:45.868618 2021] [php:warn] [pid 3640:tid 696] [client ::1:56670] PHP Warning:  Undefined array key "year" in D:\\xampp\\htdocs\\module2\\tongquanungdungwebphp\\ungdungfuturevaluecalculato.php on line 21, referer: http://localhost/module2/tongquanungdungwebphp/ungdungfuturevaluecalculato.php
[Thu Dec 09 17:16:46.091990 2021] [php:warn] [pid 3640:tid 696] [client ::1:56670] PHP Warning:  Undefined array key "amount" in D:\\xampp\\htdocs\\module2\\tongquanungdungwebphp\\ungdungfuturevaluecalculato.php on line 19, referer: http://localhost/module2/tongquanungdungwebphp/ungdungfuturevaluecalculato.php
[Thu Dec 09 17:16:46.091990 2021] [php:warn] [pid 3640:tid 696] [client ::1:56670] PHP Warning:  Undefined array key "rate" in D:\\xampp\\htdocs\\module2\\tongquanungdungwebphp\\ungdungfuturevaluecalculato.php on line 20, referer: http://localhost/module2/tongquanungdungwebphp/ungdungfuturevaluecalculato.php
[Thu Dec 09 17:16:46.091990 2021] [php:warn] [pid 3640:tid 696] [client ::1:56670] PHP Warning:  Undefined array key "year" in D:\\xampp\\htdocs\\module2\\tongquanungdungwebphp\\ungdungfuturevaluecalculato.php on line 21, referer: http://localhost/module2/tongquanungdungwebphp/ungdungfuturevaluecalculato.php
[Fri Dec 10 08:27:22.758095 2021] [ssl:warn] [pid 6300:tid 524] AH01909: www.example.com:443:0 server certificate does NOT include an ID which matches the server name
[Fri Dec 10 08:27:22.777029 2021] [core:warn] [pid 6300:tid 524] AH00098: pid file D:/xampp/apache/logs/httpd.pid overwritten -- Unclean shutdown of previous Apache run?
[Fri Dec 10 08:27:22.779032 2021] [ssl:warn] [pid 6300:tid 524] AH01909: www.example.com:443:0 server certificate does NOT include an ID which matches the server name
[Fri Dec 10 08:27:22.958317 2021] [mpm_winnt:notice] [pid 6300:tid 524] AH00455: Apache/2.4.51 (Win64) OpenSSL/1.1.1l PHP/8.0.13 configured -- resuming normal operations
[Fri Dec 10 08:27:22.958317 2021] [mpm_winnt:notice] [pid 6300:tid 524] AH00456: Apache Lounge VS16 Server built: Oct  7 2021 16:27:02
[Fri Dec 10 08:27:22.958317 2021] [core:notice] [pid 6300:tid 524] AH00094: Command line: 'd:\\xampp\\apache\\bin\\httpd.exe -d D:/xampp/apache'
[Fri Dec 10 08:27:22.960317 2021] [mpm_winnt:notice] [pid 6300:tid 524] AH00418: Parent: Created child process 7232
[Fri Dec 10 08:27:23.142579 2021] [ssl:warn] [pid 7232:tid 548] AH01909: www.example.com:443:0 server certificate does NOT include an ID which matches the server name
[Fri Dec 10 08:27:23.160498 2021] [ssl:warn] [pid 7232:tid 548] AH01909: www.example.com:443:0 server certificate does NOT include an ID which matches the server name
[Fri Dec 10 08:27:23.174928 2021] [mpm_winnt:notice] [pid 7232:tid 548] AH00354: Child: Starting 150 worker threads.
[Fri Dec 10 08:37:35.443927 2021] [php:error] [pid 7232:tid 1836] [client ::1:54995] PHP Parse error:  syntax error, unexpected token "<", expecting end of file in D:\\xampp\\htdocs\\module2\\mangvahamtrongphp\\THlocdanhsachkhachhang.php on line 69, referer: http://localhost/module2/mangvahamtrongphp/
[Fri Dec 10 08:37:37.203896 2021] [php:error] [pid 7232:tid 1836] [client ::1:54995] PHP Parse error:  syntax error, unexpected token "<", expecting end of file in D:\\xampp\\htdocs\\module2\\mangvahamtrongphp\\THlocdanhsachkhachhang.php on line 69, referer: http://localhost/module2/mangvahamtrongphp/
[Fri Dec 10 08:37:37.783760 2021] [php:error] [pid 7232:tid 1836] [client ::1:54995] PHP Parse error:  syntax error, unexpected token "<", expecting end of file in D:\\xampp\\htdocs\\module2\\mangvahamtrongphp\\THlocdanhsachkhachhang.php on line 69, referer: http://localhost/module2/mangvahamtrongphp/
[Fri Dec 10 08:37:37.958908 2021] [php:error] [pid 7232:tid 1836] [client ::1:54995] PHP Parse error:  syntax error, unexpected token "<", expecting end of file in D:\\xampp\\htdocs\\module2\\mangvahamtrongphp\\THlocdanhsachkhachhang.php on line 69, referer: http://localhost/module2/mangvahamtrongphp/
[Fri Dec 10 08:37:38.180518 2021] [php:error] [pid 7232:tid 1836] [client ::1:54995] PHP Parse error:  syntax error, unexpected token "<", expecting end of file in D:\\xampp\\htdocs\\module2\\mangvahamtrongphp\\THlocdanhsachkhachhang.php on line 69, referer: http://localhost/module2/mangvahamtrongphp/
[Fri Dec 10 08:46:42.666201 2021] [php:warn] [pid 7232:tid 1832] [client ::1:58076] PHP Warning:  Undefined variable $filteredCustomers in D:\\xampp\\htdocs\\module2\\mangvahamtrongphp\\THlocdanhsachkhachhang.php on line 79, referer: http://localhost/module2/mangvahamtrongphp/
[Fri Dec 10 08:46:42.666201 2021] [php:warn] [pid 7232:tid 1832] [client ::1:58076] PHP Warning:  foreach() argument must be of type array|object, null given in D:\\xampp\\htdocs\\module2\\mangvahamtrongphp\\THlocdanhsachkhachhang.php on line 79, referer: http://localhost/module2/mangvahamtrongphp/
[Fri Dec 10 08:49:42.729079 2021] [php:warn] [pid 7232:tid 1836] [client ::1:51104] PHP Warning:  Undefined array key "from" in D:\\xampp\\htdocs\\module2\\mangvahamtrongphp\\THlocdanhsachkhachhang.php on line 66, referer: http://localhost/module2/mangvahamtrongphp/
[Fri Dec 10 08:49:42.729079 2021] [php:warn] [pid 7232:tid 1836] [client ::1:51104] PHP Warning:  Undefined array key "to" in D:\\xampp\\htdocs\\module2\\mangvahamtrongphp\\THlocdanhsachkhachhang.php on line 67, referer: http://localhost/module2/mangvahamtrongphp/
[Fri Dec 10 08:50:15.474486 2021] [php:warn] [pid 7232:tid 1832] [client ::1:51111] PHP Warning:  Undefined array key "from" in D:\\xampp\\htdocs\\module2\\mangvahamtrongphp\\THlocdanhsachkhachhang.php on line 66, referer: http://localhost/module2/mangvahamtrongphp/
[Fri Dec 10 08:50:15.474486 2021] [php:warn] [pid 7232:tid 1832] [client ::1:51111] PHP Warning:  Undefined array key "to" in D:\\xampp\\htdocs\\module2\\mangvahamtrongphp\\THlocdanhsachkhachhang.php on line 67, referer: http://localhost/module2/mangvahamtrongphp/
[Fri Dec 10 09:22:56.330033 2021] [php:warn] [pid 7232:tid 1808] [client ::1:65232] PHP Warning:  Undefined array key "from" in D:\\xampp\\htdocs\\module2\\mangvahamtrongphp\\THlocdanhsachkhachhang.php on line 66, referer: http://localhost/module2/mangvahamtrongphp/
[Fri Dec 10 09:22:56.330033 2021] [php:warn] [pid 7232:tid 1808] [client ::1:65232] PHP Warning:  Undefined array key "to" in D:\\xampp\\htdocs\\module2\\mangvahamtrongphp\\THlocdanhsachkhachhang.php on line 67, referer: http://localhost/module2/mangvahamtrongphp/
[Fri Dec 10 09:22:58.856437 2021] [php:warn] [pid 7232:tid 1832] [client ::1:65241] PHP Warning:  Undefined array key "from" in D:\\xampp\\htdocs\\module2\\mangvahamtrongphp\\THlocdanhsachkhachhang.php on line 66, referer: http://localhost/module2/mangvahamtrongphp/
[Fri Dec 10 09:22:58.856437 2021] [php:warn] [pid 7232:tid 1832] [client ::1:65241] PHP Warning:  Undefined array key "to" in D:\\xampp\\htdocs\\module2\\mangvahamtrongphp\\THlocdanhsachkhachhang.php on line 67, referer: http://localhost/module2/mangvahamtrongphp/
[Fri Dec 10 10:00:00.131561 2021] [php:warn] [pid 7232:tid 1836] [client ::1:58533] PHP Warning:  Undefined variable $op2 in D:\\xampp\\htdocs\\module2\\hello.php on line 45, referer: http://localhost/module2/
[Fri Dec 10 13:50:58.281391 2021] [php:warn] [pid 7232:tid 488] [client ::1:61762] PHP Warning:  include(header.php): Failed to open stream: No such file or directory in D:\\xampp\\htdocs\\module2\\mangvahamtrongphp\\THtaolayoutchotrangweb.php on line 66, referer: http://localhost/module2/mangvahamtrongphp/
[Fri Dec 10 13:50:58.282067 2021] [php:warn] [pid 7232:tid 488] [client ::1:61762] PHP Warning:  include(): Failed opening 'header.php' for inclusion (include_path='D:\\xampp\\php\\PEAR') in D:\\xampp\\htdocs\\module2\\mangvahamtrongphp\\THtaolayoutchotrangweb.php on line 66, referer: http://localhost/module2/mangvahamtrongphp/
[Fri Dec 10 13:50:58.282067 2021] [php:warn] [pid 7232:tid 488] [client ::1:61762] PHP Warning:  include(nav.php): Failed to open stream: No such file or directory in D:\\xampp\\htdocs\\module2\\mangvahamtrongphp\\THtaolayoutchotrangweb.php on line 67, referer: http://localhost/module2/mangvahamtrongphp/
[Fri Dec 10 13:50:58.282067 2021] [php:warn] [pid 7232:tid 488] [client ::1:61762] PHP Warning:  include(): Failed opening 'nav.php' for inclusion (include_path='D:\\xampp\\php\\PEAR') in D:\\xampp\\htdocs\\module2\\mangvahamtrongphp\\THtaolayoutchotrangweb.php on line 67, referer: http://localhost/module2/mangvahamtrongphp/
[Fri Dec 10 13:50:58.282067 2021] [php:warn] [pid 7232:tid 488] [client ::1:61762] PHP Warning:  include(content.php): Failed to open stream: No such file or directory in D:\\xampp\\htdocs\\module2\\mangvahamtrongphp\\THtaolayoutchotrangweb.php on line 68, referer: http://localhost/module2/mangvahamtrongphp/
[Fri Dec 10 13:50:58.282567 2021] [php:warn] [pid 7232:tid 488] [client ::1:61762] PHP Warning:  include(): Failed opening 'content.php' for inclusion (include_path='D:\\xampp\\php\\PEAR') in D:\\xampp\\htdocs\\module2\\mangvahamtrongphp\\THtaolayoutchotrangweb.php on line 68, referer: http://localhost/module2/mangvahamtrongphp/
[Fri Dec 10 13:50:58.282567 2021] [php:warn] [pid 7232:tid 488] [client ::1:61762] PHP Warning:  include(footer.php): Failed to open stream: No such file or directory in D:\\xampp\\htdocs\\module2\\mangvahamtrongphp\\THtaolayoutchotrangweb.php on line 69, referer: http://localhost/module2/mangvahamtrongphp/
[Fri Dec 10 13:50:58.282567 2021] [php:warn] [pid 7232:tid 488] [client ::1:61762] PHP Warning:  include(): Failed opening 'footer.php' for inclusion (include_path='D:\\xampp\\php\\PEAR') in D:\\xampp\\htdocs\\module2\\mangvahamtrongphp\\THtaolayoutchotrangweb.php on line 69, referer: http://localhost/module2/mangvahamtrongphp/
[Fri Dec 10 13:50:58.282567 2021] [php:warn] [pid 7232:tid 488] [client ::1:61762] PHP Warning:  include(tentrangcanduavao.php): Failed to open stream: No such file or directory in D:\\xampp\\htdocs\\module2\\mangvahamtrongphp\\THtaolayoutchotrangweb.php on line 73, referer: http://localhost/module2/mangvahamtrongphp/
[Fri Dec 10 13:50:58.282567 2021] [php:warn] [pid 7232:tid 488] [client ::1:61762] PHP Warning:  include(): Failed opening 'tentrangcanduavao.php' for inclusion (include_path='D:\\xampp\\php\\PEAR') in D:\\xampp\\htdocs\\module2\\mangvahamtrongphp\\THtaolayoutchotrangweb.php on line 73, referer: http://localhost/module2/mangvahamtrongphp/
[Fri Dec 10 13:50:59.405221 2021] [php:warn] [pid 7232:tid 488] [client ::1:61762] PHP Warning:  include(header.php): Failed to open stream: No such file or directory in D:\\xampp\\htdocs\\module2\\mangvahamtrongphp\\THtaolayoutchotrangweb.php on line 66, referer: http://localhost/module2/mangvahamtrongphp/
[Fri Dec 10 13:50:59.405221 2021] [php:warn] [pid 7232:tid 488] [client ::1:61762] PHP Warning:  include(): Failed opening 'header.php' for inclusion (include_path='D:\\xampp\\php\\PEAR') in D:\\xampp\\htdocs\\module2\\mangvahamtrongphp\\THtaolayoutchotrangweb.php on line 66, referer: http://localhost/module2/mangvahamtrongphp/
[Fri Dec 10 13:50:59.406378 2021] [php:warn] [pid 7232:tid 488] [client ::1:61762] PHP Warning:  include(nav.php): Failed to open stream: No such file or directory in D:\\xampp\\htdocs\\module2\\mangvahamtrongphp\\THtaolayoutchotrangweb.php on line 67, referer: http://localhost/module2/mangvahamtrongphp/
[Fri Dec 10 13:50:59.406378 2021] [php:warn] [pid 7232:tid 488] [client ::1:61762] PHP Warning:  include(): Failed opening 'nav.php' for inclusion (include_path='D:\\xampp\\php\\PEAR') in D:\\xampp\\htdocs\\module2\\mangvahamtrongphp\\THtaolayoutchotrangweb.php on line 67, referer: http://localhost/module2/mangvahamtrongphp/
[Fri Dec 10 13:50:59.406378 2021] [php:warn] [pid 7232:tid 488] [client ::1:61762] PHP Warning:  include(content.php): Failed to open stream: No such file or directory in D:\\xampp\\htdocs\\module2\\mangvahamtrongphp\\THtaolayoutchotrangweb.php on line 68, referer: http://localhost/module2/mangvahamtrongphp/
[Fri Dec 10 13:50:59.406378 2021] [php:warn] [pid 7232:tid 488] [client ::1:61762] PHP Warning:  include(): Failed opening 'content.php' for inclusion (include_path='D:\\xampp\\php\\PEAR') in D:\\xampp\\htdocs\\module2\\mangvahamtrongphp\\THtaolayoutchotrangweb.php on line 68, referer: http://localhost/module2/mangvahamtrongphp/
[Fri Dec 10 13:50:59.406378 2021] [php:warn] [pid 7232:tid 488] [client ::1:61762] PHP Warning:  include(footer.php): Failed to open stream: No such file or directory in D:\\xampp\\htdocs\\module2\\mangvahamtrongphp\\THtaolayoutchotrangweb.php on line 69, referer: http://localhost/module2/mangvahamtrongphp/
[Fri Dec 10 13:50:59.406378 2021] [php:warn] [pid 7232:tid 488] [client ::1:61762] PHP Warning:  include(): Failed opening 'footer.php' for inclusion (include_path='D:\\xampp\\php\\PEAR') in D:\\xampp\\htdocs\\module2\\mangvahamtrongphp\\THtaolayoutchotrangweb.php on line 69, referer: http://localhost/module2/mangvahamtrongphp/
[Fri Dec 10 13:50:59.407416 2021] [php:warn] [pid 7232:tid 488] [client ::1:61762] PHP Warning:  include(tentrangcanduavao.php): Failed to open stream: No such file or directory in D:\\xampp\\htdocs\\module2\\mangvahamtrongphp\\THtaolayoutchotrangweb.php on line 73, referer: http://localhost/module2/mangvahamtrongphp/
[Fri Dec 10 13:50:59.407416 2021] [php:warn] [pid 7232:tid 488] [client ::1:61762] PHP Warning:  include(): Failed opening 'tentrangcanduavao.php' for inclusion (include_path='D:\\xampp\\php\\PEAR') in D:\\xampp\\htdocs\\module2\\mangvahamtrongphp\\THtaolayoutchotrangweb.php on line 73, referer: http://localhost/module2/mangvahamtrongphp/
[Fri Dec 10 14:05:44.408583 2021] [php:error] [pid 7232:tid 696] [client ::1:49182] script 'D:/xampp/htdocs/module2/mangvahamtrongphp/THtaolayoutchotrangweb.php' not found or unable to stat, referer: http://localhost/module2/mangvahamtrongphp/
[Fri Dec 10 14:06:59.046593 2021] [php:warn] [pid 7232:tid 696] [client ::1:49236] PHP Warning:  include(tentrangcanduavao.php): Failed to open stream: No such file or directory in D:\\xampp\\htdocs\\module2\\mangvahamtrongphp\\THtaolayoutchotrangweb\\index.php on line 1, referer: http://localhost/module2/mangvahamtrongphp/
[Fri Dec 10 14:06:59.046593 2021] [php:warn] [pid 7232:tid 696] [client ::1:49236] PHP Warning:  include(): Failed opening 'tentrangcanduavao.php' for inclusion (include_path='D:\\xampp\\php\\PEAR') in D:\\xampp\\htdocs\\module2\\mangvahamtrongphp\\THtaolayoutchotrangweb\\index.php on line 1, referer: http://localhost/module2/mangvahamtrongphp/
[Fri Dec 10 14:07:02.343825 2021] [php:warn] [pid 7232:tid 696] [client ::1:49236] PHP Warning:  include(tentrangcanduavao.php): Failed to open stream: No such file or directory in D:\\xampp\\htdocs\\module2\\mangvahamtrongphp\\THtaolayoutchotrangweb\\index.php on line 1, referer: http://localhost/module2/mangvahamtrongphp/
[Fri Dec 10 14:07:02.343825 2021] [php:warn] [pid 7232:tid 696] [client ::1:49236] PHP Warning:  include(): Failed opening 'tentrangcanduavao.php' for inclusion (include_path='D:\\xampp\\php\\PEAR') in D:\\xampp\\htdocs\\module2\\mangvahamtrongphp\\THtaolayoutchotrangweb\\index.php on line 1, referer: http://localhost/module2/mangvahamtrongphp/
[Fri Dec 10 14:07:02.738548 2021] [php:warn] [pid 7232:tid 696] [client ::1:49236] PHP Warning:  include(tentrangcanduavao.php): Failed to open stream: No such file or directory in D:\\xampp\\htdocs\\module2\\mangvahamtrongphp\\THtaolayoutchotrangweb\\index.php on line 1, referer: http://localhost/module2/mangvahamtrongphp/
[Fri Dec 10 14:07:02.738548 2021] [php:warn] [pid 7232:tid 696] [client ::1:49236] PHP Warning:  include(): Failed opening 'tentrangcanduavao.php' for inclusion (include_path='D:\\xampp\\php\\PEAR') in D:\\xampp\\htdocs\\module2\\mangvahamtrongphp\\THtaolayoutchotrangweb\\index.php on line 1, referer: http://localhost/module2/mangvahamtrongphp/
[Fri Dec 10 14:07:02.901298 2021] [php:warn] [pid 7232:tid 696] [client ::1:49236] PHP Warning:  include(tentrangcanduavao.php): Failed to open stream: No such file or directory in D:\\xampp\\htdocs\\module2\\mangvahamtrongphp\\THtaolayoutchotrangweb\\index.php on line 1, referer: http://localhost/module2/mangvahamtrongphp/
[Fri Dec 10 14:07:02.901298 2021] [php:warn] [pid 7232:tid 696] [client ::1:49236] PHP Warning:  include(): Failed opening 'tentrangcanduavao.php' for inclusion (include_path='D:\\xampp\\php\\PEAR') in D:\\xampp\\htdocs\\module2\\mangvahamtrongphp\\THtaolayoutchotrangweb\\index.php on line 1, referer: http://localhost/module2/mangvahamtrongphp/
[Fri Dec 10 14:07:03.043277 2021] [php:warn] [pid 7232:tid 696] [client ::1:49236] PHP Warning:  include(tentrangcanduavao.php): Failed to open stream: No such file or directory in D:\\xampp\\htdocs\\module2\\mangvahamtrongphp\\THtaolayoutchotrangweb\\index.php on line 1, referer: http://localhost/module2/mangvahamtrongphp/
[Fri Dec 10 14:07:03.043277 2021] [php:warn] [pid 7232:tid 696] [client ::1:49236] PHP Warning:  include(): Failed opening 'tentrangcanduavao.php' for inclusion (include_path='D:\\xampp\\php\\PEAR') in D:\\xampp\\htdocs\\module2\\mangvahamtrongphp\\THtaolayoutchotrangweb\\index.php on line 1, referer: http://localhost/module2/mangvahamtrongphp/
[Fri Dec 10 14:07:03.182975 2021] [php:warn] [pid 7232:tid 696] [client ::1:49236] PHP Warning:  include(tentrangcanduavao.php): Failed to open stream: No such file or directory in D:\\xampp\\htdocs\\module2\\mangvahamtrongphp\\THtaolayoutchotrangweb\\index.php on line 1, referer: http://localhost/module2/mangvahamtrongphp/
[Fri Dec 10 14:07:03.182975 2021] [php:warn] [pid 7232:tid 696] [client ::1:49236] PHP Warning:  include(): Failed opening 'tentrangcanduavao.php' for inclusion (include_path='D:\\xampp\\php\\PEAR') in D:\\xampp\\htdocs\\module2\\mangvahamtrongphp\\THtaolayoutchotrangweb\\index.php on line 1, referer: http://localhost/module2/mangvahamtrongphp/
[Fri Dec 10 14:07:03.339736 2021] [php:warn] [pid 7232:tid 696] [client ::1:49236] PHP Warning:  include(tentrangcanduavao.php): Failed to open stream: No such file or directory in D:\\xampp\\htdocs\\module2\\mangvahamtrongphp\\THtaolayoutchotrangweb\\index.php on line 1, referer: http://localhost/module2/mangvahamtrongphp/
[Fri Dec 10 14:07:03.339736 2021] [php:warn] [pid 7232:tid 696] [client ::1:49236] PHP Warning:  include(): Failed opening 'tentrangcanduavao.php' for inclusion (include_path='D:\\xampp\\php\\PEAR') in D:\\xampp\\htdocs\\module2\\mangvahamtrongphp\\THtaolayoutchotrangweb\\index.php on line 1, referer: http://localhost/module2/mangvahamtrongphp/
[Fri Dec 10 14:07:03.484018 2021] [php:warn] [pid 7232:tid 696] [client ::1:49236] PHP Warning:  include(tentrangcanduavao.php): Failed to open stream: No such file or directory in D:\\xampp\\htdocs\\module2\\mangvahamtrongphp\\THtaolayoutchotrangweb\\index.php on line 1, referer: http://localhost/module2/mangvahamtrongphp/
[Fri Dec 10 14:07:03.485055 2021] [php:warn] [pid 7232:tid 696] [client ::1:49236] PHP Warning:  include(): Failed opening 'tentrangcanduavao.php' for inclusion (include_path='D:\\xampp\\php\\PEAR') in D:\\xampp\\htdocs\\module2\\mangvahamtrongphp\\THtaolayoutchotrangweb\\index.php on line 1, referer: http://localhost/module2/mangvahamtrongphp/
[Fri Dec 10 14:07:03.627403 2021] [php:warn] [pid 7232:tid 696] [client ::1:49236] PHP Warning:  include(tentrangcanduavao.php): Failed to open stream: No such file or directory in D:\\xampp\\htdocs\\module2\\mangvahamtrongphp\\THtaolayoutchotrangweb\\index.php on line 1, referer: http://localhost/module2/mangvahamtrongphp/
[Fri Dec 10 14:07:03.627403 2021] [php:warn] [pid 7232:tid 696] [client ::1:49236] PHP Warning:  include(): Failed opening 'tentrangcanduavao.php' for inclusion (include_path='D:\\xampp\\php\\PEAR') in D:\\xampp\\htdocs\\module2\\mangvahamtrongphp\\THtaolayoutchotrangweb\\index.php on line 1, referer: http://localhost/module2/mangvahamtrongphp/
[Fri Dec 10 14:07:03.765230 2021] [php:warn] [pid 7232:tid 696] [client ::1:49236] PHP Warning:  include(tentrangcanduavao.php): Failed to open stream: No such file or directory in D:\\xampp\\htdocs\\module2\\mangvahamtrongphp\\THtaolayoutchotrangweb\\index.php on line 1, referer: http://localhost/module2/mangvahamtrongphp/
[Fri Dec 10 14:07:03.766110 2021] [php:warn] [pid 7232:tid 696] [client ::1:49236] PHP Warning:  include(): Failed opening 'tentrangcanduavao.php' for inclusion (include_path='D:\\xampp\\php\\PEAR') in D:\\xampp\\htdocs\\module2\\mangvahamtrongphp\\THtaolayoutchotrangweb\\index.php on line 1, referer: http://localhost/module2/mangvahamtrongphp/
[Fri Dec 10 14:07:03.919510 2021] [php:warn] [pid 7232:tid 696] [client ::1:49236] PHP Warning:  include(tentrangcanduavao.php): Failed to open stream: No such file or directory in D:\\xampp\\htdocs\\module2\\mangvahamtrongphp\\THtaolayoutchotrangweb\\index.php on line 1, referer: http://localhost/module2/mangvahamtrongphp/
[Fri Dec 10 14:07:03.919510 2021] [php:warn] [pid 7232:tid 696] [client ::1:49236] PHP Warning:  include(): Failed opening 'tentrangcanduavao.php' for inclusion (include_path='D:\\xampp\\php\\PEAR') in D:\\xampp\\htdocs\\module2\\mangvahamtrongphp\\THtaolayoutchotrangweb\\index.php on line 1, referer: http://localhost/module2/mangvahamtrongphp/
[Fri Dec 10 14:07:04.066333 2021] [php:warn] [pid 7232:tid 696] [client ::1:49236] PHP Warning:  include(tentrangcanduavao.php): Failed to open stream: No such file or directory in D:\\xampp\\htdocs\\module2\\mangvahamtrongphp\\THtaolayoutchotrangweb\\index.php on line 1, referer: http://localhost/module2/mangvahamtrongphp/
[Fri Dec 10 14:07:04.066333 2021] [php:warn] [pid 7232:tid 696] [client ::1:49236] PHP Warning:  include(): Failed opening 'tentrangcanduavao.php' for inclusion (include_path='D:\\xampp\\php\\PEAR') in D:\\xampp\\htdocs\\module2\\mangvahamtrongphp\\THtaolayoutchotrangweb\\index.php on line 1, referer: http://localhost/module2/mangvahamtrongphp/
[Fri Dec 10 14:07:04.217783 2021] [php:warn] [pid 7232:tid 696] [client ::1:49236] PHP Warning:  include(tentrangcanduavao.php): Failed to open stream: No such file or directory in D:\\xampp\\htdocs\\module2\\mangvahamtrongphp\\THtaolayoutchotrangweb\\index.php on line 1, referer: http://localhost/module2/mangvahamtrongphp/
[Fri Dec 10 14:07:04.217783 2021] [php:warn] [pid 7232:tid 696] [client ::1:49236] PHP Warning:  include(): Failed opening 'tentrangcanduavao.php' for inclusion (include_path='D:\\xampp\\php\\PEAR') in D:\\xampp\\htdocs\\module2\\mangvahamtrongphp\\THtaolayoutchotrangweb\\index.php on line 1, referer: http://localhost/module2/mangvahamtrongphp/
[Fri Dec 10 14:07:04.366176 2021] [php:warn] [pid 7232:tid 696] [client ::1:49236] PHP Warning:  include(tentrangcanduavao.php): Failed to open stream: No such file or directory in D:\\xampp\\htdocs\\module2\\mangvahamtrongphp\\THtaolayoutchotrangweb\\index.php on line 1, referer: http://localhost/module2/mangvahamtrongphp/
[Fri Dec 10 14:07:04.366176 2021] [php:warn] [pid 7232:tid 696] [client ::1:49236] PHP Warning:  include(): Failed opening 'tentrangcanduavao.php' for inclusion (include_path='D:\\xampp\\php\\PEAR') in D:\\xampp\\htdocs\\module2\\mangvahamtrongphp\\THtaolayoutchotrangweb\\index.php on line 1, referer: http://localhost/module2/mangvahamtrongphp/
[Fri Dec 10 14:07:04.518005 2021] [php:warn] [pid 7232:tid 696] [client ::1:49236] PHP Warning:  include(tentrangcanduavao.php): Failed to open stream: No such file or directory in D:\\xampp\\htdocs\\module2\\mangvahamtrongphp\\THtaolayoutchotrangweb\\index.php on line 1, referer: http://localhost/module2/mangvahamtrongphp/
[Fri Dec 10 14:07:04.518005 2021] [php:warn] [pid 7232:tid 696] [client ::1:49236] PHP Warning:  include(): Failed opening 'tentrangcanduavao.php' for inclusion (include_path='D:\\xampp\\php\\PEAR') in D:\\xampp\\htdocs\\module2\\mangvahamtrongphp\\THtaolayoutchotrangweb\\index.php on line 1, referer: http://localhost/module2/mangvahamtrongphp/
[Fri Dec 10 14:07:04.663852 2021] [php:warn] [pid 7232:tid 696] [client ::1:49236] PHP Warning:  include(tentrangcanduavao.php): Failed to open stream: No such file or directory in D:\\xampp\\htdocs\\module2\\mangvahamtrongphp\\THtaolayoutchotrangweb\\index.php on line 1, referer: http://localhost/module2/mangvahamtrongphp/
[Fri Dec 10 14:07:04.663852 2021] [php:warn] [pid 7232:tid 696] [client ::1:49236] PHP Warning:  include(): Failed opening 'tentrangcanduavao.php' for inclusion (include_path='D:\\xampp\\php\\PEAR') in D:\\xampp\\htdocs\\module2\\mangvahamtrongphp\\THtaolayoutchotrangweb\\index.php on line 1, referer: http://localhost/module2/mangvahamtrongphp/
[Fri Dec 10 14:07:04.827502 2021] [php:warn] [pid 7232:tid 696] [client ::1:49236] PHP Warning:  include(tentrangcanduavao.php): Failed to open stream: No such file or directory in D:\\xampp\\htdocs\\module2\\mangvahamtrongphp\\THtaolayoutchotrangweb\\index.php on line 1, referer: http://localhost/module2/mangvahamtrongphp/
[Fri Dec 10 14:07:04.827502 2021] [php:warn] [pid 7232:tid 696] [client ::1:49236] PHP Warning:  include(): Failed opening 'tentrangcanduavao.php' for inclusion (include_path='D:\\xampp\\php\\PEAR') in D:\\xampp\\htdocs\\module2\\mangvahamtrongphp\\THtaolayoutchotrangweb\\index.php on line 1, referer: http://localhost/module2/mangvahamtrongphp/
[Fri Dec 10 14:07:04.980886 2021] [php:warn] [pid 7232:tid 696] [client ::1:49236] PHP Warning:  include(tentrangcanduavao.php): Failed to open stream: No such file or directory in D:\\xampp\\htdocs\\module2\\mangvahamtrongphp\\THtaolayoutchotrangweb\\index.php on line 1, referer: http://localhost/module2/mangvahamtrongphp/
[Fri Dec 10 14:07:04.980886 2021] [php:warn] [pid 7232:tid 696] [client ::1:49236] PHP Warning:  include(): Failed opening 'tentrangcanduavao.php' for inclusion (include_path='D:\\xampp\\php\\PEAR') in D:\\xampp\\htdocs\\module2\\mangvahamtrongphp\\THtaolayoutchotrangweb\\index.php on line 1, referer: http://localhost/module2/mangvahamtrongphp/
[Fri Dec 10 14:07:05.136100 2021] [php:warn] [pid 7232:tid 696] [client ::1:49236] PHP Warning:  include(tentrangcanduavao.php): Failed to open stream: No such file or directory in D:\\xampp\\htdocs\\module2\\mangvahamtrongphp\\THtaolayoutchotrangweb\\index.php on line 1, referer: http://localhost/module2/mangvahamtrongphp/
[Fri Dec 10 14:07:05.136100 2021] [php:warn] [pid 7232:tid 696] [client ::1:49236] PHP Warning:  include(): Failed opening 'tentrangcanduavao.php' for inclusion (include_path='D:\\xampp\\php\\PEAR') in D:\\xampp\\htdocs\\module2\\mangvahamtrongphp\\THtaolayoutchotrangweb\\index.php on line 1, referer: http://localhost/module2/mangvahamtrongphp/
[Fri Dec 10 14:07:05.286198 2021] [php:warn] [pid 7232:tid 696] [client ::1:49236] PHP Warning:  include(tentrangcanduavao.php): Failed to open stream: No such file or directory in D:\\xampp\\htdocs\\module2\\mangvahamtrongphp\\THtaolayoutchotrangweb\\index.php on line 1, referer: http://localhost/module2/mangvahamtrongphp/
[Fri Dec 10 14:07:05.286198 2021] [php:warn] [pid 7232:tid 696] [client ::1:49236] PHP Warning:  include(): Failed opening 'tentrangcanduavao.php' for inclusion (include_path='D:\\xampp\\php\\PEAR') in D:\\xampp\\htdocs\\module2\\mangvahamtrongphp\\THtaolayoutchotrangweb\\index.php on line 1, referer: http://localhost/module2/mangvahamtrongphp/
[Fri Dec 10 14:07:05.489032 2021] [php:warn] [pid 7232:tid 696] [client ::1:49236] PHP Warning:  include(tentrangcanduavao.php): Failed to open stream: No such file or directory in D:\\xampp\\htdocs\\module2\\mangvahamtrongphp\\THtaolayoutchotrangweb\\index.php on line 1, referer: http://localhost/module2/mangvahamtrongphp/
[Fri Dec 10 14:07:05.489032 2021] [php:warn] [pid 7232:tid 696] [client ::1:49236] PHP Warning:  include(): Failed opening 'tentrangcanduavao.php' for inclusion (include_path='D:\\xampp\\php\\PEAR') in D:\\xampp\\htdocs\\module2\\mangvahamtrongphp\\THtaolayoutchotrangweb\\index.php on line 1, referer: http://localhost/module2/mangvahamtrongphp/
[Fri Dec 10 14:07:12.224342 2021] [php:warn] [pid 7232:tid 488] [client ::1:49243] PHP Warning:  include(tentrangcanduavao.php): Failed to open stream: No such file or directory in D:\\xampp\\htdocs\\module2\\mangvahamtrongphp\\THtaolayoutchotrangweb\\index.php on line 1, referer: http://localhost/module2/mangvahamtrongphp/
[Fri Dec 10 14:07:12.225341 2021] [php:warn] [pid 7232:tid 488] [client ::1:49243] PHP Warning:  include(): Failed opening 'tentrangcanduavao.php' for inclusion (include_path='D:\\xampp\\php\\PEAR') in D:\\xampp\\htdocs\\module2\\mangvahamtrongphp\\THtaolayoutchotrangweb\\index.php on line 1, referer: http://localhost/module2/mangvahamtrongphp/
[Fri Dec 10 14:07:17.133869 2021] [php:warn] [pid 7232:tid 488] [client ::1:49243] PHP Warning:  include(tentrangcanduavao.php): Failed to open stream: No such file or directory in D:\\xampp\\htdocs\\module2\\mangvahamtrongphp\\THtaolayoutchotrangweb\\index.php on line 1, referer: http://localhost/module2/mangvahamtrongphp/
[Fri Dec 10 14:07:17.133974 2021] [php:warn] [pid 7232:tid 488] [client ::1:49243] PHP Warning:  include(): Failed opening 'tentrangcanduavao.php' for inclusion (include_path='D:\\xampp\\php\\PEAR') in D:\\xampp\\htdocs\\module2\\mangvahamtrongphp\\THtaolayoutchotrangweb\\index.php on line 1, referer: http://localhost/module2/mangvahamtrongphp/
